C:\Program Files\Microsoft Visual Studio\2022\Community\MSBuild\Microsoft\VC\v170\Microsoft.CppBuild.targets(531,5): warning MSB8028: The intermediate directory (x64\Debug\) contains files shared from another project (Choas.vcxproj, Timber.vcxproj).  This can lead to incorrect clean and rebuild behavior.
  main.cpp
C:\Users\Kevin\0.Hephastus\Project\Chaos Game\main.cpp(62,91): warning C4244: 'argument': conversion from 'int' to 'T', possible loss of data
          with
          [
              T=float
          ]
C:\Users\Kevin\0.Hephastus\Project\Chaos Game\main.cpp(62,70): warning C4244: 'argument': conversion from 'int' to 'T', possible loss of data
          with
          [
              T=float
          ]
C:\Users\Kevin\0.Hephastus\Project\Chaos Game\main.cpp(72,89): warning C4244: 'argument': conversion from 'int' to 'T', possible loss of data
          with
          [
              T=float
          ]
C:\Users\Kevin\0.Hephastus\Project\Chaos Game\main.cpp(72,68): warning C4244: 'argument': conversion from 'int' to 'T', possible loss of data
          with
          [
              T=float
          ]
C:\Users\Kevin\0.Hephastus\Project\Chaos Game\main.cpp(101,32): warning C4244: 'initializing': conversion from 'T' to 'int', possible loss of data
          with
          [
              T=float
          ]
C:\Users\Kevin\0.Hephastus\Project\Chaos Game\main.cpp(102,32): warning C4244: 'initializing': conversion from 'T' to 'int', possible loss of data
          with
          [
              T=float
          ]
C:\Users\Kevin\0.Hephastus\Project\Chaos Game\main.cpp(104,55): warning C4244: 'argument': conversion from 'int' to 'T', possible loss of data
          with
          [
              T=float
          ]
C:\Users\Kevin\0.Hephastus\Project\Chaos Game\main.cpp(104,43): warning C4244: 'argument': conversion from 'int' to 'T', possible loss of data
          with
          [
              T=float
          ]
  Timber.vcxproj -> C:\Users\Kevin\0.Hephastus\Project\Chaos Game\x64\Debug\Chaos.exe
